{"/Users/ermakov/JS/projects/Ulbi/src/shared/lib/classNames.ts": {"path":"/Users/ermakov/JS/projects/Ulbi/src/shared/lib/classNames.ts","statementMap":{"0":{"start":{"line":10,"column":14},"end":{"line":10,"column":30}},"1":{"start":{"line":11,"column":13},"end":{"line":11,"column":23}},"2":{"start":{"line":13,"column":2},"end":{"line":13,"column":117}},"3":{"start":{"line":13,"column":67},"end":{"line":13,"column":72}},"4":{"start":{"line":13,"column":95},"end":{"line":13,"column":104}}},"fnMap":{"0":{"name":"classNames","decl":{"start":{"line":9,"column":16},"end":{"line":9,"column":26}},"loc":{"start":{"line":9,"column":72},"end":{"line":14,"column":1}},"line":9},"1":{"name":"(anonymous_1)","decl":{"start":{"line":13,"column":52},"end":{"line":13,"column":53}},"loc":{"start":{"line":13,"column":67},"end":{"line":13,"column":72}},"line":13},"2":{"name":"(anonymous_2)","decl":{"start":{"line":13,"column":78},"end":{"line":13,"column":79}},"loc":{"start":{"line":13,"column":95},"end":{"line":13,"column":104}},"line":13}},"branchMap":{"0":{"loc":{"start":{"line":10,"column":14},"end":{"line":10,"column":30}},"type":"binary-expr","locations":[{"start":{"line":10,"column":14},"end":{"line":10,"column":24}},{"start":{"line":10,"column":28},"end":{"line":10,"column":30}}],"line":10},"1":{"loc":{"start":{"line":11,"column":13},"end":{"line":11,"column":23}},"type":"binary-expr","locations":[{"start":{"line":11,"column":13},"end":{"line":11,"column":17}},{"start":{"line":11,"column":21},"end":{"line":11,"column":23}}],"line":11}},"s":{"0":3,"1":3,"2":3,"3":2,"4":1},"f":{"0":3,"1":2,"2":1},"b":{"0":[3,2],"1":[3,2]},"_coverageSchema":"1a1c01bbd47fc00a2c39e90264f33305004495a9","hash":"8134dd72093b427db2a8303d97192f3aee8daca5"}
}
