{"/Users/ermakov/JS/projects/Ulbi/config/jest/jestEmptyComponent.tsx": {"path":"/Users/ermakov/JS/projects/Ulbi/config/jest/jestEmptyComponent.tsx","statementMap":{"0":{"start":{"line":3,"column":27},"end":{"line":5,"column":1}},"1":{"start":{"line":4,"column":2},"end":{"line":4,"column":24}}},"fnMap":{"0":{"name":"(anonymous_0)","decl":{"start":{"line":3,"column":27},"end":{"line":3,"column":28}},"loc":{"start":{"line":3,"column":39},"end":{"line":5,"column":1}},"line":3}},"branchMap":{},"s":{"0":1,"1":3},"f":{"0":3},"b":{},"_coverageSchema":"1a1c01bbd47fc00a2c39e90264f33305004495a9","hash":"07012ce579cea5bf14c7ee2f1d574850d2e2ec7d"}
,"/Users/ermakov/JS/projects/Ulbi/src/app/providers/theme/ThemeContext.ts": {"path":"/Users/ermakov/JS/projects/Ulbi/src/app/providers/theme/ThemeContext.ts","statementMap":{"0":{"start":{"line":13,"column":28},"end":{"line":13,"column":60}},"1":{"start":{"line":15,"column":39},"end":{"line":15,"column":46}}},"fnMap":{},"branchMap":{},"s":{"0":1,"1":1},"f":{},"b":{},"_coverageSchema":"1a1c01bbd47fc00a2c39e90264f33305004495a9","hash":"31d66af0d2ce07c11c555ff42ff724d3988819b1"}
,"/Users/ermakov/JS/projects/Ulbi/src/app/providers/theme/ThemeProvider.tsx": {"path":"/Users/ermakov/JS/projects/Ulbi/src/app/providers/theme/ThemeProvider.tsx","statementMap":{"0":{"start":{"line":6,"column":26},"end":{"line":6,"column":95}},"1":{"start":{"line":12,"column":28},"end":{"line":12,"column":62}},"2":{"start":{"line":14,"column":31},"end":{"line":17,"column":14}},"3":{"start":{"line":14,"column":46},"end":{"line":17,"column":3}},"4":{"start":{"line":19,"column":2},"end":{"line":23,"column":4}}},"fnMap":{"0":{"name":"ThemeProvider","decl":{"start":{"line":11,"column":9},"end":{"line":11,"column":22}},"loc":{"start":{"line":11,"column":57},"end":{"line":24,"column":1}},"line":11},"1":{"name":"(anonymous_1)","decl":{"start":{"line":14,"column":39},"end":{"line":14,"column":40}},"loc":{"start":{"line":14,"column":46},"end":{"line":17,"column":3}},"line":14}},"branchMap":{"0":{"loc":{"start":{"line":6,"column":26},"end":{"line":6,"column":95}},"type":"binary-expr","locations":[{"start":{"line":6,"column":26},"end":{"line":6,"column":80}},{"start":{"line":6,"column":84},"end":{"line":6,"column":95}}],"line":6}},"s":{"0":1,"1":0,"2":0,"3":0,"4":0},"f":{"0":0,"1":0},"b":{"0":[1,1]},"_coverageSchema":"1a1c01bbd47fc00a2c39e90264f33305004495a9","hash":"c21fd2ba76cc79727667a3985c8493dc4f510cfa"}
,"/Users/ermakov/JS/projects/Ulbi/src/app/providers/theme/index.ts": {"path":"/Users/ermakov/JS/projects/Ulbi/src/app/providers/theme/index.ts","statementMap":{},"fnMap":{},"branchMap":{},"s":{},"f":{},"b":{},"_coverageSchema":"1a1c01bbd47fc00a2c39e90264f33305004495a9","hash":"3d12f585d81056d626e194824416b446aebf7127"}
,"/Users/ermakov/JS/projects/Ulbi/src/app/providers/theme/useTheme.ts": {"path":"/Users/ermakov/JS/projects/Ulbi/src/app/providers/theme/useTheme.ts","statementMap":{"0":{"start":{"line":9,"column":30},"end":{"line":9,"column":54}},"1":{"start":{"line":11,"column":22},"end":{"line":15,"column":3}},"2":{"start":{"line":12,"column":21},"end":{"line":12,"column":68}},"3":{"start":{"line":13,"column":4},"end":{"line":13,"column":60}},"4":{"start":{"line":14,"column":4},"end":{"line":14,"column":23}},"5":{"start":{"line":17,"column":2},"end":{"line":20,"column":4}}},"fnMap":{"0":{"name":"useTheme","decl":{"start":{"line":8,"column":16},"end":{"line":8,"column":24}},"loc":{"start":{"line":8,"column":38},"end":{"line":21,"column":1}},"line":8},"1":{"name":"(anonymous_1)","decl":{"start":{"line":11,"column":22},"end":{"line":11,"column":23}},"loc":{"start":{"line":11,"column":28},"end":{"line":15,"column":3}},"line":11}},"branchMap":{"0":{"loc":{"start":{"line":12,"column":21},"end":{"line":12,"column":68}},"type":"cond-expr","locations":[{"start":{"line":12,"column":44},"end":{"line":12,"column":55}},{"start":{"line":12,"column":58},"end":{"line":12,"column":68}}],"line":12}},"s":{"0":3,"1":3,"2":0,"3":0,"4":0,"5":3},"f":{"0":3,"1":0},"b":{"0":[0,0]},"_coverageSchema":"1a1c01bbd47fc00a2c39e90264f33305004495a9","hash":"496bd4d657eb2ff912c98b2b2fd5657a432da4fe"}
,"/Users/ermakov/JS/projects/Ulbi/src/shared/lib/classNames.ts": {"path":"/Users/ermakov/JS/projects/Ulbi/src/shared/lib/classNames.ts","statementMap":{"0":{"start":{"line":10,"column":14},"end":{"line":10,"column":30}},"1":{"start":{"line":11,"column":13},"end":{"line":11,"column":23}},"2":{"start":{"line":13,"column":2},"end":{"line":13,"column":117}},"3":{"start":{"line":13,"column":67},"end":{"line":13,"column":72}},"4":{"start":{"line":13,"column":95},"end":{"line":13,"column":104}}},"fnMap":{"0":{"name":"classNames","decl":{"start":{"line":9,"column":16},"end":{"line":9,"column":26}},"loc":{"start":{"line":9,"column":72},"end":{"line":14,"column":1}},"line":9},"1":{"name":"(anonymous_1)","decl":{"start":{"line":13,"column":52},"end":{"line":13,"column":53}},"loc":{"start":{"line":13,"column":67},"end":{"line":13,"column":72}},"line":13},"2":{"name":"(anonymous_2)","decl":{"start":{"line":13,"column":78},"end":{"line":13,"column":79}},"loc":{"start":{"line":13,"column":95},"end":{"line":13,"column":104}},"line":13}},"branchMap":{"0":{"loc":{"start":{"line":10,"column":14},"end":{"line":10,"column":30}},"type":"binary-expr","locations":[{"start":{"line":10,"column":14},"end":{"line":10,"column":24}},{"start":{"line":10,"column":28},"end":{"line":10,"column":30}}],"line":10},"1":{"loc":{"start":{"line":11,"column":13},"end":{"line":11,"column":23}},"type":"binary-expr","locations":[{"start":{"line":11,"column":13},"end":{"line":11,"column":17}},{"start":{"line":11,"column":21},"end":{"line":11,"column":23}}],"line":11}},"s":{"0":18,"1":18,"2":18,"3":3,"4":1},"f":{"0":18,"1":3,"2":1},"b":{"0":[18,0],"1":[18,15]},"_coverageSchema":"1a1c01bbd47fc00a2c39e90264f33305004495a9","hash":"8134dd72093b427db2a8303d97192f3aee8daca5"}
,"/Users/ermakov/JS/projects/Ulbi/src/shared/ui/Button/Button.tsx": {"path":"/Users/ermakov/JS/projects/Ulbi/src/shared/ui/Button/Button.tsx","statementMap":{"0":{"start":{"line":16,"column":2},"end":{"line":28,"column":4}}},"fnMap":{"0":{"name":"Button","decl":{"start":{"line":13,"column":16},"end":{"line":13,"column":22}},"loc":{"start":{"line":15,"column":17},"end":{"line":29,"column":1}},"line":15}},"branchMap":{},"s":{"0":9},"f":{"0":9},"b":{},"_coverageSchema":"1a1c01bbd47fc00a2c39e90264f33305004495a9","hash":"ebafaa2c4b50598254ee0aa6151906fd5a0dd6af"}
,"/Users/ermakov/JS/projects/Ulbi/src/shared/ui/LangSwitcher/LangSwitcher.tsx": {"path":"/Users/ermakov/JS/projects/Ulbi/src/shared/ui/LangSwitcher/LangSwitcher.tsx","statementMap":{"0":{"start":{"line":11,"column":22},"end":{"line":11,"column":38}},"1":{"start":{"line":13,"column":21},"end":{"line":15,"column":3}},"2":{"start":{"line":14,"column":4},"end":{"line":14,"column":62}},"3":{"start":{"line":17,"column":2},"end":{"line":28,"column":4}}},"fnMap":{"0":{"name":"LangSwitcher","decl":{"start":{"line":10,"column":16},"end":{"line":10,"column":28}},"loc":{"start":{"line":10,"column":64},"end":{"line":29,"column":1}},"line":10},"1":{"name":"(anonymous_1)","decl":{"start":{"line":13,"column":21},"end":{"line":13,"column":22}},"loc":{"start":{"line":13,"column":33},"end":{"line":15,"column":3}},"line":13}},"branchMap":{"0":{"loc":{"start":{"line":14,"column":24},"end":{"line":14,"column":60}},"type":"cond-expr","locations":[{"start":{"line":14,"column":49},"end":{"line":14,"column":53}},{"start":{"line":14,"column":56},"end":{"line":14,"column":60}}],"line":14}},"s":{"0":3,"1":3,"2":0,"3":3},"f":{"0":3,"1":0},"b":{"0":[0,0]},"_coverageSchema":"1a1c01bbd47fc00a2c39e90264f33305004495a9","hash":"af476a580da34c019805724157dfce21096748ef"}
,"/Users/ermakov/JS/projects/Ulbi/src/shared/ui/LangSwitcher/index.ts": {"path":"/Users/ermakov/JS/projects/Ulbi/src/shared/ui/LangSwitcher/index.ts","statementMap":{},"fnMap":{},"branchMap":{},"s":{},"f":{},"b":{},"_coverageSchema":"1a1c01bbd47fc00a2c39e90264f33305004495a9","hash":"b63adaf95a4924f44a7aaf360a69d08ad5b42457"}
,"/Users/ermakov/JS/projects/Ulbi/src/shared/ui/ThemeSwitch/ThemeSwitch.tsx": {"path":"/Users/ermakov/JS/projects/Ulbi/src/shared/ui/ThemeSwitch/ThemeSwitch.tsx","statementMap":{"0":{"start":{"line":12,"column":33},"end":{"line":12,"column":43}},"1":{"start":{"line":14,"column":2},"end":{"line":28,"column":4}}},"fnMap":{"0":{"name":"ThemeSwitch","decl":{"start":{"line":11,"column":16},"end":{"line":11,"column":27}},"loc":{"start":{"line":11,"column":62},"end":{"line":29,"column":1}},"line":11}},"branchMap":{"0":{"loc":{"start":{"line":25,"column":7},"end":{"line":26,"column":47}},"type":"cond-expr","locations":[{"start":{"line":25,"column":30},"end":{"line":25,"column":68}},{"start":{"line":26,"column":10},"end":{"line":26,"column":47}}],"line":25}},"s":{"0":3,"1":3},"f":{"0":3},"b":{"0":[0,3]},"_coverageSchema":"1a1c01bbd47fc00a2c39e90264f33305004495a9","hash":"7a5123d26ee84fc08d866ba1b5a75b84d8b3e404"}
,"/Users/ermakov/JS/projects/Ulbi/src/shared/ui/ThemeSwitch/index.ts": {"path":"/Users/ermakov/JS/projects/Ulbi/src/shared/ui/ThemeSwitch/index.ts","statementMap":{},"fnMap":{},"branchMap":{},"s":{},"f":{},"b":{},"_coverageSchema":"1a1c01bbd47fc00a2c39e90264f33305004495a9","hash":"c70dbd4f230c19fc3ea51ac7b1827185b3078212"}
,"/Users/ermakov/JS/projects/Ulbi/src/widgets/SidebarBlock/index.ts": {"path":"/Users/ermakov/JS/projects/Ulbi/src/widgets/SidebarBlock/index.ts","statementMap":{},"fnMap":{},"branchMap":{},"s":{},"f":{},"b":{},"_coverageSchema":"1a1c01bbd47fc00a2c39e90264f33305004495a9","hash":"f8799c10446f80d863b05800885bb81525295150"}
,"/Users/ermakov/JS/projects/Ulbi/src/widgets/SidebarBlock/ui/Sidebar/Sidebar.tsx": {"path":"/Users/ermakov/JS/projects/Ulbi/src/widgets/SidebarBlock/ui/Sidebar/Sidebar.tsx","statementMap":{"0":{"start":{"line":13,"column":16},"end":{"line":13,"column":32}},"1":{"start":{"line":14,"column":36},"end":{"line":14,"column":60}},"2":{"start":{"line":16,"column":19},"end":{"line":16,"column":70}},"3":{"start":{"line":16,"column":25},"end":{"line":16,"column":70}},"4":{"start":{"line":16,"column":56},"end":{"line":16,"column":69}},"5":{"start":{"line":18,"column":2},"end":{"line":36,"column":4}}},"fnMap":{"0":{"name":"Sidebar","decl":{"start":{"line":12,"column":16},"end":{"line":12,"column":23}},"loc":{"start":{"line":12,"column":54},"end":{"line":37,"column":1}},"line":12},"1":{"name":"(anonymous_1)","decl":{"start":{"line":16,"column":19},"end":{"line":16,"column":20}},"loc":{"start":{"line":16,"column":25},"end":{"line":16,"column":70}},"line":16},"2":{"name":"(anonymous_2)","decl":{"start":{"line":16,"column":38},"end":{"line":16,"column":39}},"loc":{"start":{"line":16,"column":56},"end":{"line":16,"column":69}},"line":16}},"branchMap":{},"s":{"0":3,"1":3,"2":3,"3":1,"4":1,"5":3},"f":{"0":3,"1":1,"2":1},"b":{},"_coverageSchema":"1a1c01bbd47fc00a2c39e90264f33305004495a9","hash":"0ce502e8bf7e89250a5214afea26a58ffffdec3c"}
}
