TN:
SF:config/jest/jestEmptyComponent.tsx
FN:3,(anonymous_0)
FNF:1
FNH:1
FNDA:12,(anonymous_0)
DA:3,1
DA:4,12
LF:2
LH:2
BRF:0
BRH:0
end_of_record
TN:
SF:src/app/providers/theme/ThemeContext.ts
FNF:0
FNH:0
DA:13,1
DA:15,1
LF:2
LH:2
BRF:0
BRH:0
end_of_record
TN:
SF:src/app/providers/theme/ThemeProvider.tsx
FN:11,ThemeProvider
FN:14,(anonymous_1)
FNF:2
FNH:0
FNDA:0,ThemeProvider
FNDA:0,(anonymous_1)
DA:6,1
DA:12,0
DA:14,0
DA:19,0
LF:4
LH:1
BRDA:6,0,0,1
BRDA:6,0,1,1
BRF:2
BRH:2
end_of_record
TN:
SF:src/app/providers/theme/index.ts
FNF:0
FNH:0
LF:0
LH:0
BRF:0
BRH:0
end_of_record
TN:
SF:src/app/providers/theme/useTheme.ts
FN:8,useTheme
FN:11,(anonymous_1)
FNF:2
FNH:1
FNDA:3,useTheme
FNDA:0,(anonymous_1)
DA:9,3
DA:11,3
DA:12,0
DA:13,0
DA:14,0
DA:17,3
LF:6
LH:3
BRDA:12,0,0,0
BRDA:12,0,1,0
BRF:2
BRH:0
end_of_record
TN:
SF:src/shared/config/i18n/i18nForTests.ts
FNF:0
FNH:0
DA:4,1
LF:1
LH:1
BRF:0
BRH:0
end_of_record
TN:
SF:src/shared/lib/RenderWithRouter.tsx
FN:11,ComponentRender
FNF:1
FNH:1
FNDA:2,ComponentRender
DA:12,2
LF:1
LH:1
BRF:0
BRH:0
end_of_record
TN:
SF:src/shared/lib/classNames.ts
FN:9,classNames
FN:13,(anonymous_1)
FN:13,(anonymous_2)
FNF:3
FNH:3
FNDA:29,classNames
FNDA:16,(anonymous_1)
FNDA:5,(anonymous_2)
DA:10,29
DA:11,29
DA:13,29
LF:3
LH:3
BRDA:10,0,0,29
BRDA:10,0,1,2
BRDA:11,1,0,29
BRDA:11,1,1,14
BRF:4
BRH:4
end_of_record
TN:
SF:src/shared/ui/AppLink/AppLink.tsx
FN:10,AppLink
FNF:1
FNH:1
FNDA:6,AppLink
DA:17,6
DA:18,6
LF:2
LH:2
BRDA:14,0,0,0
BRF:1
BRH:0
end_of_record
TN:
SF:src/shared/ui/Button/Button.tsx
FN:22,Button
FNF:1
FNH:1
FNDA:11,Button
DA:25,11
LF:1
LH:1
BRDA:23,0,0,8
BRF:1
BRH:1
end_of_record
TN:
SF:src/shared/ui/LangSwitcher/LangSwitcher.tsx
FN:12,LangSwitcher
FN:15,(anonymous_1)
FNF:2
FNH:1
FNDA:3,LangSwitcher
FNDA:0,(anonymous_1)
DA:13,3
DA:15,3
DA:16,0
DA:19,3
LF:4
LH:3
BRDA:16,0,0,0
BRDA:16,0,1,0
BRDA:34,1,0,0
BRDA:34,1,1,3
BRF:4
BRH:1
end_of_record
TN:
SF:src/shared/ui/LangSwitcher/index.ts
FNF:0
FNH:0
LF:0
LH:0
BRF:0
BRH:0
end_of_record
TN:
SF:src/shared/ui/ThemeSwitch/ThemeSwitch.tsx
FN:11,ThemeSwitch
FNF:1
FNH:1
FNDA:3,ThemeSwitch
DA:12,3
DA:14,3
LF:2
LH:2
BRDA:25,0,0,0
BRDA:25,0,1,3
BRF:2
BRH:1
end_of_record
TN:
SF:src/shared/ui/ThemeSwitch/index.ts
FNF:0
FNH:0
LF:0
LH:0
BRF:0
BRH:0
end_of_record
TN:
SF:src/widgets/SidebarBlock/ui/Sidebar/Sidebar.tsx
FN:16,Sidebar
FN:19,(anonymous_1)
FN:19,(anonymous_2)
FNF:3
FNH:3
FNDA:3,Sidebar
FNDA:1,(anonymous_1)
FNDA:1,(anonymous_2)
DA:17,3
DA:18,3
DA:19,3
DA:21,3
LF:4
LH:4
BRDA:54,0,0,1
BRDA:54,0,1,2
BRF:2
BRH:2
end_of_record
