TN:
SF:config/jest/jestEmptyComponent.tsx
FN:3,(anonymous_0)
FNF:1
FNH:1
FNDA:12,(anonymous_0)
DA:3,1
DA:4,12
LF:2
LH:2
BRF:0
BRH:0
end_of_record
TN:
SF:src/app/providers/storeProvider/hooks.ts
FN:4,(anonymous_0)
FNF:1
FNH:0
FNDA:0,(anonymous_0)
DA:4,2
LF:1
LH:1
BRF:0
BRH:0
end_of_record
TN:
SF:src/app/providers/storeProvider/index.ts
FNF:0
FNH:0
LF:0
LH:0
BRF:0
BRH:0
end_of_record
TN:
SF:src/app/providers/storeProvider/store.ts
FN:7,createReduxStore
FNF:1
FNH:1
FNDA:7,createReduxStore
DA:8,7
DA:15,2
LF:2
LH:2
BRF:0
BRH:0
end_of_record
TN:
SF:src/app/providers/storeProvider/ui/StoreProvider.tsx
FN:11,StoreProvider
FNF:1
FNH:1
FNDA:5,StoreProvider
DA:12,5
DA:14,5
LF:2
LH:2
BRF:0
BRH:0
end_of_record
TN:
SF:src/app/providers/themeProvider/ThemeContext.ts
FNF:0
FNH:0
DA:13,2
DA:15,2
LF:2
LH:2
BRF:0
BRH:0
end_of_record
TN:
SF:src/app/providers/themeProvider/ThemeProvider.tsx
FN:12,ThemeProvider
FN:15,(anonymous_1)
FNF:2
FNH:0
FNDA:0,ThemeProvider
FNDA:0,(anonymous_1)
DA:6,2
DA:13,0
DA:15,0
DA:20,0
LF:4
LH:1
BRDA:6,0,0,2
BRDA:6,0,1,2
BRDA:13,1,0,0
BRDA:13,1,1,0
BRF:4
BRH:2
end_of_record
TN:
SF:src/app/providers/themeProvider/index.ts
FNF:0
FNH:0
LF:0
LH:0
BRF:0
BRH:0
end_of_record
TN:
SF:src/app/providers/themeProvider/useTheme.ts
FN:8,useTheme
FN:11,(anonymous_1)
FNF:2
FNH:1
FNDA:3,useTheme
FNDA:0,(anonymous_1)
DA:9,3
DA:11,3
DA:12,0
DA:13,0
DA:14,0
DA:17,3
LF:6
LH:3
BRDA:12,0,0,0
BRDA:12,0,1,0
BRF:2
BRH:0
end_of_record
TN:
SF:src/entities/Counter/index.ts
FNF:0
FNH:0
LF:0
LH:0
BRF:0
BRH:0
end_of_record
TN:
SF:src/entities/Counter/model/selectors/getCounter/getCounter.ts
FN:3,(anonymous_0)
FNF:1
FNH:1
FNDA:9,(anonymous_0)
DA:3,9
LF:1
LH:1
BRF:0
BRH:0
end_of_record
TN:
SF:src/entities/Counter/model/selectors/getCounterValue/getCounterValue.ts
FN:6,(anonymous_0)
FNF:1
FNH:1
FNDA:4,(anonymous_0)
DA:4,5
DA:6,4
LF:2
LH:2
BRF:0
BRH:0
end_of_record
TN:
SF:src/entities/Counter/model/slice/counterSlice.ts
FN:11,(anonymous_0)
FN:14,(anonymous_1)
FNF:2
FNH:2
FNDA:5,(anonymous_0)
FNDA:3,(anonymous_1)
DA:4,4
DA:7,4
DA:12,5
DA:15,3
DA:20,4
DA:21,4
LF:6
LH:6
BRF:0
BRH:0
end_of_record
TN:
SF:src/entities/Counter/model/types/counterSchema.ts
FNF:0
FNH:0
LF:0
LH:0
BRF:0
BRH:0
end_of_record
TN:
SF:src/entities/Counter/ui/Counter.tsx
FN:6,Counter
FN:9,(anonymous_1)
FN:12,(anonymous_2)
FNF:3
FNH:3
FNDA:5,Counter
FNDA:1,(anonymous_1)
FNDA:1,(anonymous_2)
DA:7,5
DA:8,5
DA:9,5
DA:10,1
DA:12,5
DA:13,1
DA:15,5
LF:7
LH:7
BRF:0
BRH:0
end_of_record
TN:
SF:src/entities/User/index.ts
FNF:0
FNH:0
LF:0
LH:0
BRF:0
BRH:0
end_of_record
TN:
SF:src/entities/User/model/selectors/getUserAuthData/getUserAuthData.ts
FN:3,(anonymous_0)
FNF:1
FNH:0
FNDA:0,(anonymous_0)
DA:3,2
LF:1
LH:1
BRF:0
BRH:0
end_of_record
TN:
SF:src/entities/User/model/slice/userSlice.ts
FN:12,(anonymous_0)
FN:15,(anonymous_1)
FN:21,(anonymous_2)
FNF:3
FNH:0
FNDA:0,(anonymous_0)
FNDA:0,(anonymous_1)
FNDA:0,(anonymous_2)
DA:5,2
DA:8,2
DA:13,0
DA:16,0
DA:17,0
DA:18,0
DA:22,0
DA:23,0
DA:28,2
DA:29,2
LF:10
LH:4
BRDA:17,0,0,0
BRDA:17,0,1,0
BRF:2
BRH:0
end_of_record
TN:
SF:src/entities/User/model/types/userSchema.ts
FNF:0
FNH:0
LF:0
LH:0
BRF:0
BRH:0
end_of_record
TN:
SF:src/features/AuthByUserName/index.ts
FNF:0
FNH:0
LF:0
LH:0
BRF:0
BRH:0
end_of_record
TN:
SF:src/features/AuthByUserName/model/selectors/getLoginState/getLoginState.ts
FN:3,(anonymous_0)
FNF:1
FNH:0
FNDA:0,(anonymous_0)
DA:3,2
LF:1
LH:1
BRF:0
BRH:0
end_of_record
TN:
SF:src/features/AuthByUserName/model/services/loginByUserName/loginByUserName.ts
FN:15,(anonymous_0)
FNF:1
FNH:0
FNDA:0,(anonymous_0)
DA:12,2
DA:16,0
DA:17,0
DA:21,0
DA:22,0
DA:24,0
DA:25,0
DA:28,0
DA:30,0
LF:9
LH:1
BRDA:24,0,0,0
BRDA:24,0,1,0
BRF:2
BRH:0
end_of_record
TN:
SF:src/features/AuthByUserName/model/slice/loginSlice.ts
FN:14,(anonymous_0)
FN:17,(anonymous_1)
FN:21,(anonymous_2)
FN:23,(anonymous_3)
FN:27,(anonymous_4)
FN:30,(anonymous_5)
FNF:6
FNH:1
FNDA:0,(anonymous_0)
FNDA:0,(anonymous_1)
FNDA:2,(anonymous_2)
FNDA:0,(anonymous_3)
FNDA:0,(anonymous_4)
FNDA:0,(anonymous_5)
DA:5,2
DA:10,2
DA:15,0
DA:18,0
DA:22,2
DA:24,0
DA:25,0
DA:28,0
DA:31,0
DA:32,0
DA:37,2
DA:38,2
LF:12
LH:5
BRF:0
BRH:0
end_of_record
TN:
SF:src/features/AuthByUserName/model/types/loginSchema.ts
FNF:0
FNH:0
LF:0
LH:0
BRF:0
BRH:0
end_of_record
TN:
SF:src/features/AuthByUserName/ui/LoginForm/LoginForm.tsx
FN:17,(anonymous_0)
FN:24,(anonymous_1)
FN:28,(anonymous_2)
FN:32,(anonymous_3)
FNF:4
FNH:0
FNDA:0,(anonymous_0)
FNDA:0,(anonymous_1)
FNDA:0,(anonymous_2)
FNDA:0,(anonymous_3)
DA:17,2
DA:18,0
DA:19,0
DA:22,0
DA:24,0
DA:25,0
DA:28,0
DA:29,0
DA:32,0
DA:33,0
DA:36,0
DA:37,0
LF:12
LH:1
BRDA:44,0,0,0
BRDA:44,0,1,0
BRF:2
BRH:0
end_of_record
TN:
SF:src/features/AuthByUserName/ui/LoginModal/LoginModal.tsx
FN:11,LoginModal
FNF:1
FNH:0
FNDA:0,LoginModal
DA:12,0
LF:1
LH:0
BRF:0
BRH:0
end_of_record
TN:
SF:src/shared/config/i18n/i18nForTests.ts
FNF:0
FNH:0
DA:4,2
LF:1
LH:1
BRF:0
BRH:0
end_of_record
TN:
SF:src/shared/constants/localStorage.ts
FNF:0
FNH:0
DA:1,2
LF:1
LH:1
BRF:0
BRH:0
end_of_record
TN:
SF:src/shared/lib/RenderWithRouter.tsx
FN:14,ComponentRender
FNF:1
FNH:1
FNDA:5,ComponentRender
DA:15,5
LF:1
LH:1
BRF:0
BRH:0
end_of_record
TN:
SF:src/shared/lib/classNames.ts
FN:9,classNames
FN:13,(anonymous_1)
FN:13,(anonymous_2)
FNF:3
FNH:3
FNDA:39,classNames
FNDA:47,(anonymous_1)
FNDA:5,(anonymous_2)
DA:10,39
DA:11,39
DA:13,47
LF:3
LH:3
BRDA:10,0,0,39
BRDA:10,0,1,2
BRDA:11,1,0,39
BRDA:11,1,1,14
BRF:4
BRH:4
end_of_record
TN:
SF:src/shared/ui/AppLink/AppLink.tsx
FN:10,AppLink
FNF:1
FNH:1
FNDA:6,AppLink
DA:17,6
DA:18,6
LF:2
LH:2
BRDA:14,0,0,0
BRF:1
BRH:0
end_of_record
TN:
SF:src/shared/ui/Button/Button.tsx
FN:23,Button
FNF:1
FNH:1
FNDA:21,Button
DA:26,21
LF:1
LH:1
BRDA:24,0,0,15
BRF:1
BRH:1
end_of_record
TN:
SF:src/shared/ui/Input/Input.tsx
FN:14,(anonymous_0)
FN:30,(anonymous_1)
FN:34,(anonymous_2)
FN:41,(anonymous_3)
FN:45,(anonymous_4)
FN:49,(anonymous_5)
FNF:6
FNH:0
FNDA:0,(anonymous_0)
FNDA:0,(anonymous_1)
FNDA:0,(anonymous_2)
FNDA:0,(anonymous_3)
FNDA:0,(anonymous_4)
FNDA:0,(anonymous_5)
DA:14,2
DA:23,0
DA:25,0
DA:26,0
DA:28,0
DA:30,0
DA:31,0
DA:34,0
DA:35,0
DA:36,0
DA:37,0
DA:41,0
DA:42,0
DA:45,0
DA:46,0
DA:49,0
DA:50,0
DA:51,0
DA:54,0
LF:19
LH:1
BRDA:19,0,0,0
BRDA:35,1,0,0
BRDA:35,1,1,0
BRDA:46,2,0,0
BRDA:46,2,1,0
BRDA:61,3,0,0
BRDA:61,3,1,0
BRDA:78,4,0,0
BRDA:78,4,1,0
BRF:9
BRH:0
end_of_record
TN:
SF:src/shared/ui/LangSwitcher/LangSwitcher.tsx
FN:13,LangSwitcher
FN:16,(anonymous_1)
FNF:2
FNH:1
FNDA:3,LangSwitcher
FNDA:0,(anonymous_1)
DA:14,3
DA:16,3
DA:17,0
DA:20,3
LF:4
LH:3
BRDA:17,0,0,0
BRDA:17,0,1,0
BRDA:32,1,0,1
BRDA:32,1,1,2
BRDA:36,2,0,0
BRDA:36,2,1,3
BRF:6
BRH:3
end_of_record
TN:
SF:src/shared/ui/LangSwitcher/index.ts
FNF:0
FNH:0
LF:0
LH:0
BRF:0
BRH:0
end_of_record
TN:
SF:src/shared/ui/Modal/Modal.tsx
FN:16,Modal
FN:26,(anonymous_1)
FN:37,(anonymous_2)
FN:40,(anonymous_3)
FN:47,(anonymous_4)
FN:53,(anonymous_5)
FN:57,(anonymous_6)
FN:76,(anonymous_7)
FNF:8
FNH:0
FNDA:0,Modal
FNDA:0,(anonymous_1)
FNDA:0,(anonymous_2)
FNDA:0,(anonymous_3)
FNDA:0,(anonymous_4)
FNDA:0,(anonymous_5)
FNDA:0,(anonymous_6)
FNDA:0,(anonymous_7)
DA:15,2
DA:19,0
DA:21,0
DA:23,0
DA:24,0
DA:26,0
DA:27,0
DA:30,0
DA:32,0
DA:37,0
DA:38,0
DA:39,0
DA:40,0
DA:41,0
DA:42,0
DA:47,0
DA:48,0
DA:49,0
DA:53,0
DA:54,0
DA:55,0
DA:57,0
DA:58,0
DA:59,0
DA:63,0
DA:64,0
DA:67,0
DA:76,0
LF:28
LH:1
BRDA:27,0,0,0
BRDA:27,0,1,0
BRDA:38,1,0,0
BRDA:38,1,1,0
BRDA:48,2,0,0
BRDA:48,2,1,0
BRDA:54,3,0,0
BRDA:54,3,1,0
BRDA:63,4,0,0
BRDA:63,4,1,0
BRDA:63,5,0,0
BRDA:63,5,1,0
BRF:12
BRH:0
end_of_record
TN:
SF:src/shared/ui/Portal/Portal.tsx
FN:8,Portal
FNF:1
FNH:0
FNDA:0,Portal
DA:9,0
LF:1
LH:0
BRDA:8,0,0,0
BRF:1
BRH:0
end_of_record
TN:
SF:src/shared/ui/Text/Text.tsx
FN:15,Text
FNF:1
FNH:0
FNDA:0,Text
DA:18,0
LF:1
LH:0
BRDA:16,0,0,0
BRDA:24,1,0,0
BRDA:24,1,1,0
BRDA:25,2,0,0
BRDA:25,2,1,0
BRF:5
BRH:0
end_of_record
TN:
SF:src/shared/ui/ThemeSwitch/ThemeSwitch.tsx
FN:11,ThemeSwitch
FNF:1
FNH:1
FNDA:3,ThemeSwitch
DA:12,3
DA:14,3
LF:2
LH:2
BRDA:25,0,0,0
BRDA:25,0,1,3
BRF:2
BRH:1
end_of_record
TN:
SF:src/shared/ui/ThemeSwitch/index.ts
FNF:0
FNH:0
LF:0
LH:0
BRF:0
BRH:0
end_of_record
TN:
SF:src/widgets/SidebarBlock/ui/Sidebar/Sidebar.tsx
FN:16,Sidebar
FN:19,(anonymous_1)
FN:19,(anonymous_2)
FNF:3
FNH:3
FNDA:3,Sidebar
FNDA:1,(anonymous_1)
FNDA:1,(anonymous_2)
DA:17,3
DA:18,3
DA:19,3
DA:21,3
LF:4
LH:4
BRDA:54,0,0,1
BRDA:54,0,1,2
BRF:2
BRH:2
end_of_record
